CRITICAL - 2023-08-29 15:37:56 --> The framework needs the following extension(s) installed and loaded: intl.
#0 F:\VICKI\APP\penjualan\system\CodeIgniter.php(219): CodeIgniter\Exceptions\FrameworkException::forMissingExtension('intl')
#1 F:\VICKI\APP\penjualan\system\CodeIgniter.php(177): CodeIgniter\CodeIgniter->resolvePlatformExtensions()
#2 F:\VICKI\APP\penjualan\system\bootstrap.php(146): CodeIgniter\CodeIgniter->initialize()
#3 F:\VICKI\APP\penjualan\spark(45): require('F:\\VICKI\\APP\\pe...')
#4 {main}
CRITICAL - 2023-08-29 09:21:40 --> Maximum execution time of 60 seconds exceeded
#0 [internal function]: CodeIgniter\Debug\Exceptions->shutdownHandler()
#1 {main}
CRITICAL - 2023-08-29 09:37:20 --> Class "PHPExcel" not found
#0 F:\VICKI\APP\penjualan\system\CodeIgniter.php(824): App\Controllers\Penjualan->processExcel()
#1 F:\VICKI\APP\penjualan\system\CodeIgniter.php(410): CodeIgniter\CodeIgniter->runController(Object(App\Controllers\Penjualan))
#2 F:\VICKI\APP\penjualan\system\CodeIgniter.php(318): CodeIgniter\CodeIgniter->handleRequest(NULL, Object(Config\Cache), false)
#3 F:\VICKI\APP\penjualan\public\index.php(37): CodeIgniter\CodeIgniter->run()
#4 F:\VICKI\APP\penjualan\system\Commands\Server\rewrite.php(43): require_once('F:\\VICKI\\APP\\pe...')
#5 {main}
CRITICAL - 2023-08-29 09:39:23 --> include_once(PHPExcel.php): Failed to open stream: No such file or directory
#0 F:\VICKI\APP\penjualan\app\Controllers\Penjualan.php(30): CodeIgniter\Debug\Exceptions->errorHandler(2, 'include_once(PH...', 'F:\\VICKI\\APP\\pe...', 30)
#1 F:\VICKI\APP\penjualan\app\Controllers\Penjualan.php(30): include_once()
#2 F:\VICKI\APP\penjualan\system\CodeIgniter.php(824): App\Controllers\Penjualan->processExcel()
#3 F:\VICKI\APP\penjualan\system\CodeIgniter.php(410): CodeIgniter\CodeIgniter->runController(Object(App\Controllers\Penjualan))
#4 F:\VICKI\APP\penjualan\system\CodeIgniter.php(318): CodeIgniter\CodeIgniter->handleRequest(NULL, Object(Config\Cache), false)
#5 F:\VICKI\APP\penjualan\public\index.php(37): CodeIgniter\CodeIgniter->run()
#6 F:\VICKI\APP\penjualan\system\Commands\Server\rewrite.php(43): require_once('F:\\VICKI\\APP\\pe...')
#7 {main}
CRITICAL - 2023-08-29 09:39:29 --> include_once(PHPExcel/PHPExcel.php): Failed to open stream: No such file or directory
#0 F:\VICKI\APP\penjualan\app\Controllers\Penjualan.php(30): CodeIgniter\Debug\Exceptions->errorHandler(2, 'include_once(PH...', 'F:\\VICKI\\APP\\pe...', 30)
#1 F:\VICKI\APP\penjualan\app\Controllers\Penjualan.php(30): include_once()
#2 F:\VICKI\APP\penjualan\system\CodeIgniter.php(824): App\Controllers\Penjualan->processExcel()
#3 F:\VICKI\APP\penjualan\system\CodeIgniter.php(410): CodeIgniter\CodeIgniter->runController(Object(App\Controllers\Penjualan))
#4 F:\VICKI\APP\penjualan\system\CodeIgniter.php(318): CodeIgniter\CodeIgniter->handleRequest(NULL, Object(Config\Cache), false)
#5 F:\VICKI\APP\penjualan\public\index.php(37): CodeIgniter\CodeIgniter->run()
#6 F:\VICKI\APP\penjualan\system\Commands\Server\rewrite.php(43): require_once('F:\\VICKI\\APP\\pe...')
#7 {main}
CRITICAL - 2023-08-29 09:39:47 --> include_once(PHPExcel/PHPExcel.php): Failed to open stream: No such file or directory
#0 F:\VICKI\APP\penjualan\app\Controllers\Penjualan.php(30): CodeIgniter\Debug\Exceptions->errorHandler(2, 'include_once(PH...', 'F:\\VICKI\\APP\\pe...', 30)
#1 F:\VICKI\APP\penjualan\app\Controllers\Penjualan.php(30): include_once()
#2 F:\VICKI\APP\penjualan\system\CodeIgniter.php(824): App\Controllers\Penjualan->processExcel()
#3 F:\VICKI\APP\penjualan\system\CodeIgniter.php(410): CodeIgniter\CodeIgniter->runController(Object(App\Controllers\Penjualan))
#4 F:\VICKI\APP\penjualan\system\CodeIgniter.php(318): CodeIgniter\CodeIgniter->handleRequest(NULL, Object(Config\Cache), false)
#5 F:\VICKI\APP\penjualan\public\index.php(37): CodeIgniter\CodeIgniter->run()
#6 F:\VICKI\APP\penjualan\system\Commands\Server\rewrite.php(43): require_once('F:\\VICKI\\APP\\pe...')
#7 {main}
CRITICAL - 2023-08-29 09:40:56 --> include_once(ThirdParty/PHPExcel/PHPExcel.php): Failed to open stream: No such file or directory
#0 F:\VICKI\APP\penjualan\app\Controllers\Penjualan.php(30): CodeIgniter\Debug\Exceptions->errorHandler(2, 'include_once(Th...', 'F:\\VICKI\\APP\\pe...', 30)
#1 F:\VICKI\APP\penjualan\app\Controllers\Penjualan.php(30): include_once()
#2 F:\VICKI\APP\penjualan\system\CodeIgniter.php(824): App\Controllers\Penjualan->processExcel()
#3 F:\VICKI\APP\penjualan\system\CodeIgniter.php(410): CodeIgniter\CodeIgniter->runController(Object(App\Controllers\Penjualan))
#4 F:\VICKI\APP\penjualan\system\CodeIgniter.php(318): CodeIgniter\CodeIgniter->handleRequest(NULL, Object(Config\Cache), false)
#5 F:\VICKI\APP\penjualan\public\index.php(37): CodeIgniter\CodeIgniter->run()
#6 F:\VICKI\APP\penjualan\system\Commands\Server\rewrite.php(43): require_once('F:\\VICKI\\APP\\pe...')
#7 {main}
CRITICAL - 2023-08-29 09:41:23 --> include_once(F:\VICKI\APP\penjualan\app\ThirdParty/PHPExcel/PHPExcel.php): Failed to open stream: No such file or directory
#0 F:\VICKI\APP\penjualan\app\Controllers\Penjualan.php(30): CodeIgniter\Debug\Exceptions->errorHandler(2, 'include_once(F:...', 'F:\\VICKI\\APP\\pe...', 30)
#1 F:\VICKI\APP\penjualan\app\Controllers\Penjualan.php(30): include_once()
#2 F:\VICKI\APP\penjualan\system\CodeIgniter.php(824): App\Controllers\Penjualan->processExcel()
#3 F:\VICKI\APP\penjualan\system\CodeIgniter.php(410): CodeIgniter\CodeIgniter->runController(Object(App\Controllers\Penjualan))
#4 F:\VICKI\APP\penjualan\system\CodeIgniter.php(318): CodeIgniter\CodeIgniter->handleRequest(NULL, Object(Config\Cache), false)
#5 F:\VICKI\APP\penjualan\public\index.php(37): CodeIgniter\CodeIgniter->run()
#6 F:\VICKI\APP\penjualan\system\Commands\Server\rewrite.php(43): require_once('F:\\VICKI\\APP\\pe...')
#7 {main}
CRITICAL - 2023-08-29 09:44:23 --> Class "PHPExcel" not found
#0 F:\VICKI\APP\penjualan\system\CodeIgniter.php(824): App\Controllers\Penjualan->processExcel()
#1 F:\VICKI\APP\penjualan\system\CodeIgniter.php(410): CodeIgniter\CodeIgniter->runController(Object(App\Controllers\Penjualan))
#2 F:\VICKI\APP\penjualan\system\CodeIgniter.php(318): CodeIgniter\CodeIgniter->handleRequest(NULL, Object(Config\Cache), false)
#3 F:\VICKI\APP\penjualan\public\index.php(37): CodeIgniter\CodeIgniter->run()
#4 F:\VICKI\APP\penjualan\system\Commands\Server\rewrite.php(43): require_once('F:\\VICKI\\APP\\pe...')
#5 {main}
CRITICAL - 2023-08-29 09:51:22 --> require(F:\VICKI\APP\penjualan\app\ThirdParty/PHPExcel/PHPExcel.php): Failed to open stream: No such file or directory
#0 F:\VICKI\APP\penjualan\app\Controllers\Penjualan.php(30): CodeIgniter\Debug\Exceptions->errorHandler(2, 'require(F:\\VICK...', 'F:\\VICKI\\APP\\pe...', 30)
#1 F:\VICKI\APP\penjualan\app\Controllers\Penjualan.php(30): require()
#2 F:\VICKI\APP\penjualan\system\CodeIgniter.php(824): App\Controllers\Penjualan->processExcel()
#3 F:\VICKI\APP\penjualan\system\CodeIgniter.php(410): CodeIgniter\CodeIgniter->runController(Object(App\Controllers\Penjualan))
#4 F:\VICKI\APP\penjualan\system\CodeIgniter.php(318): CodeIgniter\CodeIgniter->handleRequest(NULL, Object(Config\Cache), false)
#5 F:\VICKI\APP\penjualan\public\index.php(37): CodeIgniter\CodeIgniter->run()
#6 F:\VICKI\APP\penjualan\system\Commands\Server\rewrite.php(43): require_once('F:\\VICKI\\APP\\pe...')
#7 {main}
CRITICAL - 2023-08-29 10:01:24 --> Undefined variable $file_excel
#0 F:\VICKI\APP\penjualan\app\Controllers\Penjualan.php(31): CodeIgniter\Debug\Exceptions->errorHandler(2, 'Undefined varia...', 'F:\\VICKI\\APP\\pe...', 31)
#1 F:\VICKI\APP\penjualan\system\CodeIgniter.php(824): App\Controllers\Penjualan->processExcel()
#2 F:\VICKI\APP\penjualan\system\CodeIgniter.php(410): CodeIgniter\CodeIgniter->runController(Object(App\Controllers\Penjualan))
#3 F:\VICKI\APP\penjualan\system\CodeIgniter.php(318): CodeIgniter\CodeIgniter->handleRequest(NULL, Object(Config\Cache), false)
#4 F:\VICKI\APP\penjualan\public\index.php(37): CodeIgniter\CodeIgniter->run()
#5 F:\VICKI\APP\penjualan\system\Commands\Server\rewrite.php(43): require_once('F:\\VICKI\\APP\\pe...')
#6 {main}
ERROR - 2023-08-29 10:09:28 --> Column 'kategori' cannot be null
CRITICAL - 2023-08-29 10:09:28 --> Column 'kategori' cannot be null
#0 F:\VICKI\APP\penjualan\system\Database\MySQLi\Connection.php(292): mysqli->query('INSERT INTO `pe...', 0)
#1 F:\VICKI\APP\penjualan\system\Database\BaseConnection.php(670): CodeIgniter\Database\MySQLi\Connection->execute('INSERT INTO `pe...')
#2 F:\VICKI\APP\penjualan\system\Database\BaseConnection.php(598): CodeIgniter\Database\BaseConnection->simpleQuery('INSERT INTO `pe...')
#3 F:\VICKI\APP\penjualan\system\Database\BaseBuilder.php(1759): CodeIgniter\Database\BaseConnection->query('INSERT INTO `pe...', Array, false)
#4 F:\VICKI\APP\penjualan\system\Model.php(239): CodeIgniter\Database\BaseBuilder->insert()
#5 F:\VICKI\APP\penjualan\system\BaseModel.php(738): CodeIgniter\Model->doInsert(Array)
#6 F:\VICKI\APP\penjualan\system\Model.php(620): CodeIgniter\BaseModel->insert(Array, true)
#7 F:\VICKI\APP\penjualan\app\Controllers\Penjualan.php(60): CodeIgniter\Model->insert(Array)
#8 F:\VICKI\APP\penjualan\system\CodeIgniter.php(824): App\Controllers\Penjualan->processExcel()
#9 F:\VICKI\APP\penjualan\system\CodeIgniter.php(410): CodeIgniter\CodeIgniter->runController(Object(App\Controllers\Penjualan))
#10 F:\VICKI\APP\penjualan\system\CodeIgniter.php(318): CodeIgniter\CodeIgniter->handleRequest(NULL, Object(Config\Cache), false)
#11 F:\VICKI\APP\penjualan\public\index.php(37): CodeIgniter\CodeIgniter->run()
#12 F:\VICKI\APP\penjualan\system\Commands\Server\rewrite.php(43): require_once('F:\\VICKI\\APP\\pe...')
#13 {main}
